29-05-2023 14:36:38.493 [restartedMain] INFO  c.t.studentsmanagement.Application.logStarting - Starting Application using Java 17.0.7 with PID 26480 (E:\Desktop\TKPM\sources\StudentsManagement\target\classes started by ADMIN in E:\Desktop\TKPM)
29-05-2023 14:36:38.494 [restartedMain] INFO  c.t.studentsmanagement.Application.logStartupProfileInfo - The following 1 profile is active: "prod"
29-05-2023 14:36:38.757 [restartedMain] INFO  o.s.b.d.e.DevToolsPropertyDefaultsPostProcessor.logTo - Devtools property defaults active! Set 'spring.devtools.add-properties' to 'false' to disable
29-05-2023 14:36:38.757 [restartedMain] INFO  o.s.b.d.e.DevToolsPropertyDefaultsPostProcessor.logTo - For additional web related logging consider setting the 'logging.level.web' property to 'DEBUG'
29-05-2023 14:36:39.614 [restartedMain] INFO  o.s.d.r.c.RepositoryConfigurationDelegate.registerRepositoriesIn - Bootstrapping Spring Data JPA repositories in DEFAULT mode.
29-05-2023 14:36:39.720 [restartedMain] INFO  o.s.d.r.c.RepositoryConfigurationDelegate.registerRepositoriesIn - Finished Spring Data repository scanning in 91 ms. Found 4 JPA repository interfaces.
29-05-2023 14:36:40.306 [restartedMain] ERROR o.a.c.core.AprLifecycleListener.log - An incompatible version [1.2.31] of the Apache Tomcat Native library is installed, while Tomcat requires version [1.2.34]
29-05-2023 14:36:40.676 [restartedMain] INFO  o.s.b.w.e.tomcat.TomcatWebServer.initialize - Tomcat initialized with port(s): 8080 (http)
29-05-2023 14:36:40.685 [restartedMain] INFO  o.a.coyote.http11.Http11NioProtocol.log - Initializing ProtocolHandler ["http-nio-8080"]
29-05-2023 14:36:40.686 [restartedMain] INFO  o.a.catalina.core.StandardService.log - Starting service [Tomcat]
29-05-2023 14:36:40.686 [restartedMain] INFO  o.a.catalina.core.StandardEngine.log - Starting Servlet engine: [Apache Tomcat/10.1.8]
29-05-2023 14:36:40.766 [restartedMain] INFO  o.a.c.c.C.[Tomcat].[localhost].[/].log - Initializing Spring embedded WebApplicationContext
29-05-2023 14:36:40.766 [restartedMain] INFO  o.s.b.w.s.c.ServletWebServerApplicationContext.prepareWebApplicationContext - Root WebApplicationContext: initialization completed in 2009 ms
29-05-2023 14:36:41.001 [restartedMain] INFO  o.h.jpa.internal.util.LogHelper.logPersistenceUnitInformation - HHH000204: Processing PersistenceUnitInfo [name: default]
29-05-2023 14:36:41.106 [restartedMain] INFO  org.hibernate.Version.logVersion - HHH000412: Hibernate ORM core version 6.1.7.Final
29-05-2023 14:36:41.457 [restartedMain] INFO  com.zaxxer.hikari.HikariDataSource.getConnection - HikariPool-1 - Starting...
29-05-2023 14:36:42.143 [restartedMain] INFO  com.zaxxer.hikari.pool.HikariPool.checkFailFast - HikariPool-1 - Added connection com.mysql.cj.jdbc.ConnectionImpl@7b534850
29-05-2023 14:36:42.146 [restartedMain] INFO  com.zaxxer.hikari.HikariDataSource.getConnection - HikariPool-1 - Start completed.
29-05-2023 14:36:42.213 [restartedMain] INFO  SQL dialect.logSelectedDialect - HHH000400: Using dialect: org.hibernate.dialect.MySQLDialect
29-05-2023 14:36:44.011 [restartedMain] INFO  o.h.e.t.j.p.i.JtaPlatformInitiator.initiateService - HHH000490: Using JtaPlatform implementation: [org.hibernate.engine.transaction.jta.platform.internal.NoJtaPlatform]
29-05-2023 14:36:44.034 [restartedMain] INFO  o.s.o.j.LocalContainerEntityManagerFactoryBean.buildNativeEntityManagerFactory - Initialized JPA EntityManagerFactory for persistence unit 'default'
29-05-2023 14:36:44.643 [restartedMain] WARN  o.s.b.a.o.j.JpaBaseConfiguration$JpaWebConfiguration.openEntityManagerInViewInterceptor - spring.jpa.open-in-view is enabled by default. Therefore, database queries may be performed during view rendering. Explicitly configure spring.jpa.open-in-view to disable this warning
29-05-2023 14:36:44.854 [restartedMain] INFO  o.s.s.web.DefaultSecurityFilterChain.<init> - Will secure any request with [org.springframework.security.web.session.DisableEncodeUrlFilter@3bee6deb, org.springframework.security.web.session.ForceEagerSessionCreationFilter@3d0214c1, org.springframework.security.web.context.request.async.WebAsyncManagerIntegrationFilter@2cbe6663, org.springframework.security.web.context.SecurityContextHolderFilter@18a65ead, org.springframework.security.web.header.HeaderWriterFilter@3de0264f, org.springframework.security.web.authentication.logout.LogoutFilter@799c1b56, org.springframework.security.web.authentication.UsernamePasswordAuthenticationFilter@69ef184a, org.springframework.security.web.session.ConcurrentSessionFilter@3de14271, org.springframework.security.web.savedrequest.RequestCacheAwareFilter@79800f9d, org.springframework.security.web.servletapi.SecurityContextHolderAwareRequestFilter@4cc91fd1, org.springframework.security.web.authentication.AnonymousAuthenticationFilter@5d325c4f, org.springframework.security.web.session.SessionManagementFilter@1537a3a8, org.springframework.security.web.access.ExceptionTranslationFilter@5313af02, org.springframework.security.web.access.intercept.AuthorizationFilter@46080c43]
29-05-2023 14:36:45.155 [restartedMain] INFO  o.s.b.d.a.OptionalLiveReloadServer.startServer - LiveReload server is running on port 35729
29-05-2023 14:36:45.204 [restartedMain] INFO  o.s.b.w.e.tomcat.TomcatWebServer.start - Tomcat started on port(s): 8080 (http) with context path ''
29-05-2023 14:36:45.213 [restartedMain] INFO  c.t.studentsmanagement.Application.logStarted - Started Application in 7.305 seconds (process running for 8.223)
29-05-2023 14:36:45.259 [SpringApplicationShutdownHook] INFO  o.s.o.j.LocalContainerEntityManagerFactoryBean.destroy - Closing JPA EntityManagerFactory for persistence unit 'default'
29-05-2023 14:36:45.264 [SpringApplicationShutdownHook] INFO  com.zaxxer.hikari.HikariDataSource.close - HikariPool-1 - Shutdown initiated...
29-05-2023 14:36:45.276 [SpringApplicationShutdownHook] INFO  com.zaxxer.hikari.HikariDataSource.close - HikariPool-1 - Shutdown completed.
29-05-2023 16:20:44.626 [restartedMain] INFO  c.t.studentsmanagement.Application.logStarting - Starting Application using Java 17.0.7 with PID 15744 (E:\Desktop\TKPM\sources\StudentsManagement\target\classes started by ADMIN in E:\Desktop\TKPM)
29-05-2023 16:20:44.629 [restartedMain] INFO  c.t.studentsmanagement.Application.logStartupProfileInfo - The following 1 profile is active: "prod"
29-05-2023 16:20:44.951 [restartedMain] INFO  o.s.b.d.e.DevToolsPropertyDefaultsPostProcessor.logTo - Devtools property defaults active! Set 'spring.devtools.add-properties' to 'false' to disable
29-05-2023 16:20:44.951 [restartedMain] INFO  o.s.b.d.e.DevToolsPropertyDefaultsPostProcessor.logTo - For additional web related logging consider setting the 'logging.level.web' property to 'DEBUG'
29-05-2023 16:20:45.796 [restartedMain] INFO  o.s.d.r.c.RepositoryConfigurationDelegate.registerRepositoriesIn - Bootstrapping Spring Data JPA repositories in DEFAULT mode.
29-05-2023 16:20:45.868 [restartedMain] INFO  o.s.d.r.c.RepositoryConfigurationDelegate.registerRepositoriesIn - Finished Spring Data repository scanning in 56 ms. Found 4 JPA repository interfaces.
29-05-2023 16:20:46.362 [restartedMain] ERROR o.a.c.core.AprLifecycleListener.log - An incompatible version [1.2.31] of the Apache Tomcat Native library is installed, while Tomcat requires version [1.2.34]
29-05-2023 16:20:46.815 [restartedMain] INFO  o.s.b.w.e.tomcat.TomcatWebServer.initialize - Tomcat initialized with port(s): 8080 (http)
29-05-2023 16:20:46.832 [restartedMain] INFO  o.a.coyote.http11.Http11NioProtocol.log - Initializing ProtocolHandler ["http-nio-8080"]
29-05-2023 16:20:46.834 [restartedMain] INFO  o.a.catalina.core.StandardService.log - Starting service [Tomcat]
29-05-2023 16:20:46.834 [restartedMain] INFO  o.a.catalina.core.StandardEngine.log - Starting Servlet engine: [Apache Tomcat/10.1.8]
29-05-2023 16:20:46.922 [restartedMain] INFO  o.a.c.c.C.[Tomcat].[localhost].[/].log - Initializing Spring embedded WebApplicationContext
29-05-2023 16:20:46.922 [restartedMain] INFO  o.s.b.w.s.c.ServletWebServerApplicationContext.prepareWebApplicationContext - Root WebApplicationContext: initialization completed in 1970 ms
29-05-2023 16:20:47.177 [restartedMain] INFO  o.h.jpa.internal.util.LogHelper.logPersistenceUnitInformation - HHH000204: Processing PersistenceUnitInfo [name: default]
29-05-2023 16:20:47.248 [restartedMain] INFO  org.hibernate.Version.logVersion - HHH000412: Hibernate ORM core version 6.1.7.Final
29-05-2023 16:20:47.790 [restartedMain] INFO  com.zaxxer.hikari.HikariDataSource.getConnection - HikariPool-1 - Starting...
29-05-2023 17:57:00.983 [restartedMain] INFO  c.t.studentsmanagement.Application.logStarting - Starting Application using Java 17.0.7 with PID 15528 (E:\Desktop\TKPM\sources\StudentsManagement\target\classes started by ADMIN in E:\Desktop\TKPM)
29-05-2023 17:57:00.983 [restartedMain] INFO  c.t.studentsmanagement.Application.logStartupProfileInfo - The following 1 profile is active: "prod"
29-05-2023 17:57:01.296 [restartedMain] INFO  o.s.d.r.c.RepositoryConfigurationDelegate.registerRepositoriesIn - Bootstrapping Spring Data JPA repositories in DEFAULT mode.
29-05-2023 17:57:01.320 [restartedMain] INFO  o.s.d.r.c.RepositoryConfigurationDelegate.registerRepositoriesIn - Finished Spring Data repository scanning in 23 ms. Found 4 JPA repository interfaces.
29-05-2023 17:57:01.471 [restartedMain] ERROR o.a.c.core.AprLifecycleListener.log - An incompatible version [1.2.31] of the Apache Tomcat Native library is installed, while Tomcat requires version [1.2.34]
29-05-2023 17:57:01.512 [restartedMain] INFO  o.s.b.w.e.tomcat.TomcatWebServer.initialize - Tomcat initialized with port(s): 8080 (http)
29-05-2023 17:57:01.513 [restartedMain] INFO  o.a.coyote.http11.Http11NioProtocol.log - Initializing ProtocolHandler ["http-nio-8080"]
29-05-2023 17:57:01.514 [restartedMain] INFO  o.a.catalina.core.StandardService.log - Starting service [Tomcat]
29-05-2023 17:57:01.514 [restartedMain] INFO  o.a.catalina.core.StandardEngine.log - Starting Servlet engine: [Apache Tomcat/10.1.8]
29-05-2023 17:57:01.555 [restartedMain] INFO  o.a.c.c.C.[Tomcat].[localhost].[/].log - Initializing Spring embedded WebApplicationContext
29-05-2023 17:57:01.556 [restartedMain] INFO  o.s.b.w.s.c.ServletWebServerApplicationContext.prepareWebApplicationContext - Root WebApplicationContext: initialization completed in 569 ms
29-05-2023 17:57:01.630 [restartedMain] INFO  o.h.jpa.internal.util.LogHelper.logPersistenceUnitInformation - HHH000204: Processing PersistenceUnitInfo [name: default]
29-05-2023 17:57:01.639 [restartedMain] INFO  com.zaxxer.hikari.HikariDataSource.getConnection - HikariPool-2 - Starting...
29-05-2023 20:49:45.864 [restartedMain] INFO  c.t.studentsmanagement.Application.logStarting - Starting Application using Java 17.0.7 with PID 26248 (E:\Desktop\TKPM\sources\StudentsManagement\target\classes started by ADMIN in E:\Desktop\TKPM)
29-05-2023 20:49:45.866 [restartedMain] INFO  c.t.studentsmanagement.Application.logStartupProfileInfo - The following 1 profile is active: "prod"
29-05-2023 20:49:46.111 [restartedMain] INFO  o.s.b.d.e.DevToolsPropertyDefaultsPostProcessor.logTo - Devtools property defaults active! Set 'spring.devtools.add-properties' to 'false' to disable
29-05-2023 20:49:46.111 [restartedMain] INFO  o.s.b.d.e.DevToolsPropertyDefaultsPostProcessor.logTo - For additional web related logging consider setting the 'logging.level.web' property to 'DEBUG'
29-05-2023 20:49:47.027 [restartedMain] INFO  o.s.d.r.c.RepositoryConfigurationDelegate.registerRepositoriesIn - Bootstrapping Spring Data JPA repositories in DEFAULT mode.
29-05-2023 20:49:47.106 [restartedMain] INFO  o.s.d.r.c.RepositoryConfigurationDelegate.registerRepositoriesIn - Finished Spring Data repository scanning in 66 ms. Found 4 JPA repository interfaces.
29-05-2023 20:49:47.758 [restartedMain] ERROR o.a.c.core.AprLifecycleListener.log - An incompatible version [1.2.31] of the Apache Tomcat Native library is installed, while Tomcat requires version [1.2.34]
29-05-2023 20:49:48.264 [restartedMain] INFO  o.s.b.w.e.tomcat.TomcatWebServer.initialize - Tomcat initialized with port(s): 8080 (http)
29-05-2023 20:49:48.277 [restartedMain] INFO  o.a.coyote.http11.Http11NioProtocol.log - Initializing ProtocolHandler ["http-nio-8080"]
29-05-2023 20:49:48.278 [restartedMain] INFO  o.a.catalina.core.StandardService.log - Starting service [Tomcat]
29-05-2023 20:49:48.279 [restartedMain] INFO  o.a.catalina.core.StandardEngine.log - Starting Servlet engine: [Apache Tomcat/10.1.8]
29-05-2023 20:49:48.404 [restartedMain] INFO  o.a.c.c.C.[Tomcat].[localhost].[/].log - Initializing Spring embedded WebApplicationContext
29-05-2023 20:49:48.405 [restartedMain] INFO  o.s.b.w.s.c.ServletWebServerApplicationContext.prepareWebApplicationContext - Root WebApplicationContext: initialization completed in 2294 ms
29-05-2023 20:49:48.681 [restartedMain] INFO  o.h.jpa.internal.util.LogHelper.logPersistenceUnitInformation - HHH000204: Processing PersistenceUnitInfo [name: default]
29-05-2023 20:49:48.769 [restartedMain] INFO  org.hibernate.Version.logVersion - HHH000412: Hibernate ORM core version 6.1.7.Final
29-05-2023 20:49:49.264 [restartedMain] INFO  com.zaxxer.hikari.HikariDataSource.getConnection - HikariPool-1 - Starting...
29-05-2023 20:49:49.373 [restartedMain] INFO  c.t.studentsmanagement.Application.logStarting - Starting Application using Java 17.0.7 with PID 11796 (E:\Desktop\TKPM\sources\StudentsManagement\target\classes started by ADMIN in E:\Desktop\TKPM)
29-05-2023 20:49:49.375 [restartedMain] INFO  c.t.studentsmanagement.Application.logStartupProfileInfo - The following 1 profile is active: "prod"
29-05-2023 20:49:49.685 [restartedMain] INFO  o.s.b.d.e.DevToolsPropertyDefaultsPostProcessor.logTo - Devtools property defaults active! Set 'spring.devtools.add-properties' to 'false' to disable
29-05-2023 20:49:49.685 [restartedMain] INFO  o.s.b.d.e.DevToolsPropertyDefaultsPostProcessor.logTo - For additional web related logging consider setting the 'logging.level.web' property to 'DEBUG'
29-05-2023 20:49:50.356 [restartedMain] INFO  o.s.d.r.c.RepositoryConfigurationDelegate.registerRepositoriesIn - Bootstrapping Spring Data JPA repositories in DEFAULT mode.
29-05-2023 20:49:50.429 [restartedMain] INFO  o.s.d.r.c.RepositoryConfigurationDelegate.registerRepositoriesIn - Finished Spring Data repository scanning in 65 ms. Found 4 JPA repository interfaces.
29-05-2023 20:49:50.862 [restartedMain] ERROR o.a.c.core.AprLifecycleListener.log - An incompatible version [1.2.31] of the Apache Tomcat Native library is installed, while Tomcat requires version [1.2.34]
29-05-2023 20:49:51.246 [restartedMain] INFO  o.s.b.w.e.tomcat.TomcatWebServer.initialize - Tomcat initialized with port(s): 8080 (http)
29-05-2023 20:49:51.258 [restartedMain] INFO  o.a.coyote.http11.Http11NioProtocol.log - Initializing ProtocolHandler ["http-nio-8080"]
29-05-2023 20:49:51.259 [restartedMain] INFO  o.a.catalina.core.StandardService.log - Starting service [Tomcat]
29-05-2023 20:49:51.259 [restartedMain] INFO  o.a.catalina.core.StandardEngine.log - Starting Servlet engine: [Apache Tomcat/10.1.8]
29-05-2023 20:49:51.342 [restartedMain] INFO  o.a.c.c.C.[Tomcat].[localhost].[/].log - Initializing Spring embedded WebApplicationContext
29-05-2023 20:49:51.342 [restartedMain] INFO  o.s.b.w.s.c.ServletWebServerApplicationContext.prepareWebApplicationContext - Root WebApplicationContext: initialization completed in 1656 ms
29-05-2023 20:49:51.570 [restartedMain] INFO  o.h.jpa.internal.util.LogHelper.logPersistenceUnitInformation - HHH000204: Processing PersistenceUnitInfo [name: default]
29-05-2023 20:49:51.630 [restartedMain] INFO  org.hibernate.Version.logVersion - HHH000412: Hibernate ORM core version 6.1.7.Final
29-05-2023 20:49:51.927 [restartedMain] INFO  com.zaxxer.hikari.HikariDataSource.getConnection - HikariPool-1 - Starting...
29-05-2023 20:49:52.628 [restartedMain] INFO  com.zaxxer.hikari.pool.HikariPool.checkFailFast - HikariPool-1 - Added connection com.mysql.cj.jdbc.ConnectionImpl@12e07b12
29-05-2023 20:49:52.630 [restartedMain] INFO  com.zaxxer.hikari.HikariDataSource.getConnection - HikariPool-1 - Start completed.
29-05-2023 20:49:52.713 [restartedMain] INFO  SQL dialect.logSelectedDialect - HHH000400: Using dialect: org.hibernate.dialect.MySQLDialect
29-05-2023 20:49:54.866 [restartedMain] INFO  o.h.e.t.j.p.i.JtaPlatformInitiator.initiateService - HHH000490: Using JtaPlatform implementation: [org.hibernate.engine.transaction.jta.platform.internal.NoJtaPlatform]
29-05-2023 20:49:54.883 [restartedMain] INFO  o.s.o.j.LocalContainerEntityManagerFactoryBean.buildNativeEntityManagerFactory - Initialized JPA EntityManagerFactory for persistence unit 'default'
29-05-2023 20:49:56.233 [restartedMain] INFO  o.s.s.web.DefaultSecurityFilterChain.<init> - Will secure any request with [org.springframework.security.web.session.DisableEncodeUrlFilter@744f8ae2, org.springframework.security.web.session.ForceEagerSessionCreationFilter@1ef74dbc, org.springframework.security.web.context.request.async.WebAsyncManagerIntegrationFilter@2b70780f, org.springframework.security.web.context.SecurityContextHolderFilter@60d7e68e, org.springframework.security.web.header.HeaderWriterFilter@3ad5d1a9, org.springframework.security.web.authentication.logout.LogoutFilter@2283886d, org.springframework.security.web.authentication.UsernamePasswordAuthenticationFilter@216e43a3, org.springframework.security.web.session.ConcurrentSessionFilter@5a0462c3, org.springframework.security.web.savedrequest.RequestCacheAwareFilter@6fbf12d7, org.springframework.security.web.servletapi.SecurityContextHolderAwareRequestFilter@18ca4473, org.springframework.security.web.authentication.AnonymousAuthenticationFilter@71723b88, org.springframework.security.web.session.SessionManagementFilter@f8bdbe5, org.springframework.security.web.access.ExceptionTranslationFilter@3d33656d, org.springframework.security.web.access.intercept.AuthorizationFilter@493ea71b]
29-05-2023 20:49:56.715 [restartedMain] INFO  o.s.b.d.a.OptionalLiveReloadServer.startServer - LiveReload server is running on port 35729
29-05-2023 20:49:56.771 [restartedMain] INFO  o.s.b.w.e.tomcat.TomcatWebServer.start - Tomcat started on port(s): 8080 (http) with context path ''
29-05-2023 20:49:56.785 [restartedMain] INFO  c.t.studentsmanagement.Application.logStarted - Started Application in 8.13 seconds (process running for 8.831)
29-05-2023 20:49:56.823 [SpringApplicationShutdownHook] INFO  o.s.o.j.LocalContainerEntityManagerFactoryBean.destroy - Closing JPA EntityManagerFactory for persistence unit 'default'
29-05-2023 20:49:56.828 [SpringApplicationShutdownHook] INFO  com.zaxxer.hikari.HikariDataSource.close - HikariPool-1 - Shutdown initiated...
29-05-2023 20:49:56.842 [SpringApplicationShutdownHook] INFO  com.zaxxer.hikari.HikariDataSource.close - HikariPool-1 - Shutdown completed.
